0 info it worked if it ends with ok
1 verbose cli [ '/usr/bin/node',
1 verbose cli   '/usr/bin/npm',
1 verbose cli   'install',
1 verbose cli   '-g',
1 verbose cli   'express-generator' ]
2 info using npm@6.4.1
3 info using node@v8.15.0
4 verbose npm-session 436ec4f5b4c7bf42
5 silly install loadCurrentTree
6 silly install readGlobalPackageData
7 http fetch GET 200 http://registry.npmjs.org/express-generator 137ms
8 http fetch GET 200 http://registry.npmjs.org/express-generator/-/express-generator-4.16.1.tgz 37ms
9 silly pacote tag manifest for express-generator@latest fetched in 188ms
10 timing stage:loadCurrentTree Completed in 291ms
11 silly install loadIdealTree
12 silly install cloneCurrentTreeToIdealTree
13 timing stage:loadIdealTree:cloneCurrentTree Completed in 0ms
14 silly install loadShrinkwrap
15 timing stage:loadIdealTree:loadShrinkwrap Completed in 1ms
16 silly install loadAllDepsIntoIdealTree
17 silly resolveWithNewModule express-generator@4.16.1 checking installable status
18 http fetch GET 200 http://registry.npmjs.org/commander 30ms
19 http fetch GET 200 http://registry.npmjs.org/ejs 39ms
20 http fetch GET 200 http://registry.npmjs.org/minimatch 42ms
21 http fetch GET 200 http://registry.npmjs.org/mkdirp 51ms
22 http fetch GET 200 http://registry.npmjs.org/sorted-object 51ms
23 http fetch GET 200 http://registry.npmjs.org/commander/-/commander-2.15.1.tgz 33ms
24 http fetch GET 200 http://registry.npmjs.org/ejs/-/ejs-2.6.1.tgz 28ms
25 silly pacote version manifest for commander@2.15.1 fetched in 73ms
26 silly resolveWithNewModule commander@2.15.1 checking installable status
27 silly pacote version manifest for ejs@2.6.1 fetched in 80ms
28 silly resolveWithNewModule ejs@2.6.1 checking installable status
29 http fetch GET 200 http://registry.npmjs.org/minimatch/-/minimatch-3.0.4.tgz 34ms
30 http fetch GET 200 http://registry.npmjs.org/sorted-object/-/sorted-object-2.0.1.tgz 29ms
31 http fetch GET 200 http://registry.npmjs.org/mkdirp/-/mkdirp-0.5.1.tgz 30ms
32 silly pacote version manifest for minimatch@3.0.4 fetched in 84ms
33 silly resolveWithNewModule minimatch@3.0.4 checking installable status
34 silly pacote version manifest for sorted-object@2.0.1 fetched in 84ms
35 silly resolveWithNewModule sorted-object@2.0.1 checking installable status
36 silly pacote version manifest for mkdirp@0.5.1 fetched in 86ms
37 warn deprecated mkdirp@0.5.1: Legacy versions of mkdirp are no longer supported. Please update to mkdirp 1.x. (Note that the API surface has changed to use Promises in 1.x.)
38 silly resolveWithNewModule mkdirp@0.5.1 checking installable status
39 http fetch GET 200 http://registry.npmjs.org/brace-expansion 20ms
40 http fetch GET 200 http://registry.npmjs.org/brace-expansion/-/brace-expansion-1.1.11.tgz 23ms
41 silly pacote range manifest for brace-expansion@^1.1.7 fetched in 48ms
42 silly resolveWithNewModule brace-expansion@1.1.11 checking installable status
43 http fetch GET 200 http://registry.npmjs.org/balanced-match 25ms
44 http fetch GET 200 http://registry.npmjs.org/concat-map 29ms
45 http fetch GET 200 http://registry.npmjs.org/balanced-match/-/balanced-match-1.0.0.tgz 25ms
46 silly pacote range manifest for balanced-match@^1.0.0 fetched in 53ms
47 silly resolveWithNewModule balanced-match@1.0.0 checking installable status
48 http fetch GET 200 http://registry.npmjs.org/concat-map/-/concat-map-0.0.1.tgz 41ms
49 silly pacote version manifest for concat-map@0.0.1 fetched in 71ms
50 silly resolveWithNewModule concat-map@0.0.1 checking installable status
51 http fetch GET 200 http://registry.npmjs.org/minimist 30ms
52 http fetch GET 200 http://registry.npmjs.org/minimist/-/minimist-0.0.8.tgz 29ms
53 silly pacote version manifest for minimist@0.0.8 fetched in 65ms
54 silly resolveWithNewModule minimist@0.0.8 checking installable status
55 timing stage:loadIdealTree:loadAllDepsIntoIdealTree Completed in 288ms
56 timing stage:loadIdealTree Completed in 296ms
57 silly currentTree lib
58 silly idealTree lib
58 silly idealTree └─┬ express-generator@4.16.1
58 silly idealTree   ├── balanced-match@1.0.0
58 silly idealTree   ├── brace-expansion@1.1.11
58 silly idealTree   ├── commander@2.15.1
58 silly idealTree   ├── concat-map@0.0.1
58 silly idealTree   ├── ejs@2.6.1
58 silly idealTree   ├── minimatch@3.0.4
58 silly idealTree   ├── minimist@0.0.8
58 silly idealTree   ├── mkdirp@0.5.1
58 silly idealTree   └── sorted-object@2.0.1
59 silly install generateActionsToTake
60 warn checkPermissions Missing write access to /usr/lib/node_modules
61 timing stage:rollbackFailedOptional Completed in 1ms
62 timing stage:runTopLevelLifecycles Completed in 611ms
63 verbose stack Error: EACCES: permission denied, access '/usr/lib/node_modules'
64 verbose cwd /home/henrique/pocs/covid-tracker
65 verbose Linux 4.15.0-88-generic
66 verbose argv "/usr/bin/node" "/usr/bin/npm" "install" "-g" "express-generator"
67 verbose node v8.15.0
68 verbose npm  v6.4.1
69 error path /usr/lib/node_modules
70 error code EACCES
71 error errno -13
72 error syscall access
73 error Error: EACCES: permission denied, access '/usr/lib/node_modules'
73 error  { Error: EACCES: permission denied, access '/usr/lib/node_modules'
73 error   stack: 'Error: EACCES: permission denied, access \'/usr/lib/node_modules\'',
73 error   errno: -13,
73 error   code: 'EACCES',
73 error   syscall: 'access',
73 error   path: '/usr/lib/node_modules' }
74 error The operation was rejected by your operating system.
74 error It is likely you do not have the permissions to access this file as the current user
74 error
74 error If you believe this might be a permissions issue, please double-check the
74 error permissions of the file and its containing directories, or try running
74 error the command again as root/Administrator (though this is not recommended).
75 verbose exit [ -13, true ]
